<?xml version="1.0" encoding="UTF-8"?>
<!-- Generated by org.testng.reporters.JUnitReportReporter -->
<testsuite skipped="0" hostname="Lenovo-PC" name="com.techfundas.demoframework.DemoTest" tests="1" failures="0" timestamp="05 Jan 2019 23:10:30 GMT" time="3.397" errors="0">
  <testcase name="validatelaunch" time="3.397" classname="com.techfundas.demoframework.DemoTest"/>
</testsuite> <!-- com.techfundas.demoframework.DemoTest -->
