<?xml version="1.0" encoding="UTF-8"?>
<!-- Generated by org.testng.reporters.JUnitReportReporter -->
<testsuite skipped="0" hostname="Lenovo-PC" name="com.techfundas.demoframework.DemoTest" tests="1" failures="0" timestamp="08 Jan 2019 00:41:09 GMT" time="7.241" errors="0">
  <testcase name="validatelaunch" time="7.241" classname="com.techfundas.demoframework.DemoTest"/>
</testsuite> <!-- com.techfundas.demoframework.DemoTest -->
